{"level":"info","message":"Hello world!","metadata":{},"timestamp":"2022-11-10T19:50:33.505Z"}
{"level":"info","message":"all stations read","metadata":{},"timestamp":"2022-11-10T19:50:34.841Z"}
{"level":"info","message":"all stations read","metadata":{},"timestamp":"2022-11-10T19:50:34.847Z"}
{"level":"info","message":"all stations read","metadata":{},"timestamp":"2022-11-10T19:50:35.836Z"}
{"level":"info","message":"trainstation read from station","metadata":{},"timestamp":"2022-11-10T19:50:35.838Z"}
{"level":"info","message":"booking created","metadata":{},"timestamp":"2022-11-10T19:50:52.966Z"}
{"level":"info","message":"all bookings Read","metadata":{},"timestamp":"2022-11-10T19:50:52.986Z"}
{"level":"info","message":"all bookings Read","metadata":{},"timestamp":"2022-11-10T19:50:52.990Z"}
{"level":"info","message":"booking updated","metadata":{},"timestamp":"2022-11-10T19:51:11.392Z"}
{"level":"info","message":"all bookings Read","metadata":{},"timestamp":"2022-11-10T19:51:11.412Z"}
{"level":"info","message":"all bookings Read","metadata":{},"timestamp":"2022-11-10T19:51:11.414Z"}
{"level":"info","message":"all stations read","metadata":{},"timestamp":"2022-11-10T19:51:24.344Z"}
{"level":"info","message":"all stations read","metadata":{},"timestamp":"2022-11-10T19:51:24.346Z"}
{"level":"info","message":"all stations read","metadata":{},"timestamp":"2022-11-10T19:51:26.057Z"}
{"level":"info","message":"trainstation read from station","metadata":{},"timestamp":"2022-11-10T19:51:26.058Z"}
{"level":"info","message":"all bookings Read","metadata":{},"timestamp":"2022-11-10T19:51:37.054Z"}
{"level":"info","message":"Hello world!","metadata":{},"timestamp":"2022-11-11T00:11:19.733Z"}
{"level":"info","message":"all stations read","metadata":{},"timestamp":"2022-11-11T00:11:47.804Z"}
{"level":"info","message":"all stations read","metadata":{},"timestamp":"2022-11-11T00:11:47.829Z"}
{"level":"info","message":"trainstation read from station","metadata":{},"timestamp":"2022-11-11T00:12:47.808Z"}
{"level":"info","message":"all stations read","metadata":{},"timestamp":"2022-11-11T00:12:47.811Z"}
{"level":"info","message":"all stations read","metadata":{},"timestamp":"2022-11-11T00:13:30.427Z"}
{"level":"info","message":"trainstation read from station","metadata":{},"timestamp":"2022-11-11T00:13:30.429Z"}
{"level":"info","message":"all stations read","metadata":{},"timestamp":"2022-11-11T00:13:32.711Z"}
{"level":"info","message":"trainstation read from station","metadata":{},"timestamp":"2022-11-11T00:13:32.713Z"}
{"level":"info","message":"all stations read","metadata":{},"timestamp":"2022-11-11T00:13:35.739Z"}
{"level":"info","message":"trainstation read from station","metadata":{},"timestamp":"2022-11-11T00:13:35.741Z"}
{"level":"info","message":"all stations read","metadata":{},"timestamp":"2022-11-11T00:13:38.450Z"}
{"level":"info","message":"trainstation read from station","metadata":{},"timestamp":"2022-11-11T00:13:38.451Z"}
{"level":"info","message":"all stations read","metadata":{},"timestamp":"2022-11-11T00:13:41.406Z"}
{"level":"info","message":"trainstation read from station","metadata":{},"timestamp":"2022-11-11T00:13:41.408Z"}
{"level":"info","message":"all stations read","metadata":{},"timestamp":"2022-11-11T00:13:42.927Z"}
{"level":"info","message":"trainstation read from station","metadata":{},"timestamp":"2022-11-11T00:13:42.929Z"}
{"level":"info","message":"booking created","metadata":{},"timestamp":"2022-11-11T00:13:53.826Z"}
{"level":"info","message":"all bookings Read","metadata":{},"timestamp":"2022-11-11T00:13:53.846Z"}
{"level":"info","message":"all bookings Read","metadata":{},"timestamp":"2022-11-11T00:13:53.847Z"}
{"level":"info","message":"all stations read","metadata":{},"timestamp":"2022-11-11T00:14:11.959Z"}
{"level":"info","message":"all stations read","metadata":{},"timestamp":"2022-11-11T00:14:11.961Z"}
{"level":"info","message":"all bookings Read","metadata":{},"timestamp":"2022-11-11T00:14:13.576Z"}
{"level":"info","message":"all bookings Read","metadata":{},"timestamp":"2022-11-11T00:14:13.577Z"}
{"level":"info","message":"all stations read","metadata":{},"timestamp":"2022-11-11T00:14:14.250Z"}
{"level":"info","message":"all stations read","metadata":{},"timestamp":"2022-11-11T00:14:14.252Z"}
{"level":"info","message":"all bookings Read","metadata":{},"timestamp":"2022-11-11T00:14:15.059Z"}
{"level":"info","message":"all bookings Read","metadata":{},"timestamp":"2022-11-11T00:14:15.061Z"}
{"level":"info","message":"Hello world!","metadata":{},"timestamp":"2022-11-11T09:08:50.999Z"}
{"level":"info","message":"all stations read","metadata":{},"timestamp":"2022-11-11T09:09:12.870Z"}
{"level":"info","message":"all bookings Read","metadata":{},"timestamp":"2022-11-11T09:10:10.117Z"}
{"level":"info","message":"trainstation read from station","metadata":{},"timestamp":"2022-11-11T09:10:47.451Z"}
{"level":"info","message":"all bookings Read","metadata":{},"timestamp":"2022-11-11T09:10:54.367Z"}
{"level":"info","message":"all stations read","metadata":{},"timestamp":"2022-11-11T09:12:44.082Z"}
{"level":"info","message":"trainstation read from station","metadata":{},"timestamp":"2022-11-11T09:12:49.856Z"}
{"level":"info","message":"all stations read","metadata":{},"timestamp":"2022-11-11T09:14:16.683Z"}
{"level":"info","message":"all stations read","metadata":{},"timestamp":"2022-11-11T09:14:16.690Z"}
{"level":"info","message":"all stations read","metadata":{},"timestamp":"2022-11-11T09:14:43.863Z"}
{"level":"info","message":"all stations read","metadata":{},"timestamp":"2022-11-11T09:14:43.864Z"}
{"level":"info","message":"all bookings Read","metadata":{},"timestamp":"2022-11-11T09:22:55.810Z"}
{"level":"info","message":"all bookings Read","metadata":{},"timestamp":"2022-11-11T09:22:55.816Z"}
{"level":"info","message":"all stations read","metadata":{},"timestamp":"2022-11-11T09:23:02.897Z"}
{"level":"info","message":"all stations read","metadata":{},"timestamp":"2022-11-11T09:23:02.900Z"}
{"level":"info","message":"all stations read","metadata":{},"timestamp":"2022-11-11T09:23:04.155Z"}
{"level":"info","message":"trainstation read from station","metadata":{},"timestamp":"2022-11-11T09:23:04.156Z"}
{"level":"info","message":"all bookings Read","metadata":{},"timestamp":"2022-11-11T09:23:15.007Z"}
{"level":"info","message":"all bookings Read","metadata":{},"timestamp":"2022-11-11T09:23:15.011Z"}
{"level":"info","message":"Hello world!","metadata":{},"timestamp":"2023-01-09T10:13:02.278Z"}
{"level":"info","message":"all stations read","metadata":{},"timestamp":"2023-01-09T10:13:19.226Z"}
{"level":"info","message":"all stations read","metadata":{},"timestamp":"2023-01-09T10:13:19.232Z"}
{"level":"info","message":"all stations read","metadata":{},"timestamp":"2023-01-09T10:13:32.784Z"}
{"level":"info","message":"trainstation read from station","metadata":{},"timestamp":"2023-01-09T10:13:32.786Z"}
{"level":"info","message":"all bookings Read","metadata":{},"timestamp":"2023-01-09T10:13:50.741Z"}
{"level":"info","message":"all bookings Read","metadata":{},"timestamp":"2023-01-09T10:13:50.743Z"}
{"level":"info","message":"all stations read","metadata":{},"timestamp":"2023-01-09T10:14:02.465Z"}
{"level":"info","message":"all stations read","metadata":{},"timestamp":"2023-01-09T10:14:02.466Z"}
{"level":"info","message":"all bookings Read","metadata":{},"timestamp":"2023-01-09T10:14:04.046Z"}
{"level":"info","message":"all bookings Read","metadata":{},"timestamp":"2023-01-09T10:14:04.048Z"}
{"level":"info","message":"all stations read","metadata":{},"timestamp":"2023-01-09T10:14:05.199Z"}
{"level":"info","message":"all stations read","metadata":{},"timestamp":"2023-01-09T10:14:05.201Z"}
